# JRE version: OpenJDK Runtime Environment (8.0_292-b10) (build 1.8.0_292-b10)
# Java VM: OpenJDK 64-Bit Server VM (25.292-b10 mixed mode windows-amd64 compressed oops)
Heap:
 PSYoungGen      total 282112K, used 47500K [0x00000000eab00000, 0x0000000100000000, 0x0000000100000000)
  eden space 234496K, 0% used [0x00000000eab00000,0x00000000eab00000,0x00000000f9000000)
  from space 47616K, 99% used [0x00000000f9000000,0x00000000fbe631e8,0x00000000fbe80000)
  to   space 62976K, 0% used [0x00000000fc280000,0x00000000fc280000,0x0000000100000000)
 ParOldGen       total 699392K, used 210490K [0x00000000c0000000, 0x00000000eab00000, 0x00000000eab00000)
  object space 699392K, 30% used [0x00000000c0000000,0x00000000ccd8ebf0,0x00000000eab00000)
 Metaspace       used 184314K, capacity 211259K, committed 211496K, reserved 1232896K
  class space    used 25570K, capacity 27055K, committed 27184K, reserved 1048576K
GC Heap History (10 events):
Event: 9584.730 GC heap after
Heap after GC invocations=98 (full 21):
 PSYoungGen      total 299520K, used 26534K [0x00000000eab00000, 0x0000000100000000, 0x0000000100000000)
  eden space 252416K, 0% used [0x00000000eab00000,0x00000000eab00000,0x00000000fa180000)
  from space 47104K, 56% used [0x00000000fa180000,0x00000000fbb69b00,0x00000000fcf80000)
  to   space 47616K, 0% used [0x00000000fd180000,0x00000000fd180000,0x0000000100000000)
 ParOldGen       total 699392K, used 210460K [0x00000000c0000000, 0x00000000eab00000, 0x00000000eab00000)
  object space 699392K, 30% used [0x00000000c0000000,0x00000000ccd87360,0x00000000eab00000)
 Metaspace       used 181555K, capacity 207855K, committed 210472K, reserved 1232896K
  class space    used 25257K, capacity 26655K, committed 27184K, reserved 1048576K
}
Event: 9650.663 GC heap before
{Heap before GC invocations=99 (full 21):
 PSYoungGen      total 299520K, used 278950K [0x00000000eab00000, 0x0000000100000000, 0x0000000100000000)
  eden space 252416K, 100% used [0x00000000eab00000,0x00000000fa180000,0x00000000fa180000)
  from space 47104K, 56% used [0x00000000fa180000,0x00000000fbb69b00,0x00000000fcf80000)
  to   space 47616K, 0% used [0x00000000fd180000,0x00000000fd180000,0x0000000100000000)
 ParOldGen       total 699392K, used 210460K [0x00000000c0000000, 0x00000000eab00000, 0x00000000eab00000)
  object space 699392K, 30% used [0x00000000c0000000,0x00000000ccd873d8,0x00000000eab00000)
 Metaspace       used 182493K, capacity 208955K, committed 210472K, reserved 1232896K
  class space    used 25362K, capacity 26785K, committed 27184K, reserved 1048576K
Event: 9650.674 GC heap after
Heap after GC invocations=99 (full 21):
 PSYoungGen      total 303616K, used 13604K [0x00000000eab00000, 0x0000000100000000, 0x0000000100000000)
  eden space 256000K, 0% used [0x00000000eab00000,0x00000000eab00000,0x00000000fa500000)
  from space 47616K, 28% used [0x00000000fd180000,0x00000000fdec9318,0x0000000100000000)
  to   space 45568K, 0% used [0x00000000fa500000,0x00000000fa500000,0x00000000fd180000)
 ParOldGen       total 699392K, used 210460K [0x00000000c0000000, 0x00000000eab00000, 0x00000000eab00000)
  object space 699392K, 30% used [0x00000000c0000000,0x00000000ccd873d8,0x00000000eab00000)
 Metaspace       used 182493K, capacity 208955K, committed 210472K, reserved 1232896K
  class space    used 25362K, capacity 26785K, committed 27184K, reserved 1048576K
}
Event: 9681.737 GC heap before
{Heap before GC invocations=100 (full 21):
 PSYoungGen      total 303616K, used 269604K [0x00000000eab00000, 0x0000000100000000, 0x0000000100000000)
  eden space 256000K, 100% used [0x00000000eab00000,0x00000000fa500000,0x00000000fa500000)
  from space 47616K, 28% used [0x00000000fd180000,0x00000000fdec9318,0x0000000100000000)
  to   space 45568K, 0% used [0x00000000fa500000,0x00000000fa500000,0x00000000fd180000)
 ParOldGen       total 699392K, used 210466K [0x00000000c0000000, 0x00000000eab00000, 0x00000000eab00000)
  object space 699392K, 30% used [0x00000000c0000000,0x00000000ccd88bf0,0x00000000eab00000)
 Metaspace       used 182968K, capacity 209625K, committed 210472K, reserved 1232896K
  class space    used 25414K, capacity 26855K, committed 27184K, reserved 1048576K
Event: 9681.755 GC heap after
Heap after GC invocations=100 (full 21):
 PSYoungGen      total 295424K, used 38966K [0x00000000eab00000, 0x0000000100000000, 0x0000000100000000)
  eden space 256000K, 0% used [0x00000000eab00000,0x00000000eab00000,0x00000000fa500000)
  from space 39424K, 98% used [0x00000000fa500000,0x00000000fcb0db08,0x00000000fcb80000)
  to   space 50688K, 0% used [0x00000000fce80000,0x00000000fce80000,0x0000000100000000)
 ParOldGen       total 699392K, used 210474K [0x00000000c0000000, 0x00000000eab00000, 0x00000000eab00000)
  object space 699392K, 30% used [0x00000000c0000000,0x00000000ccd8abf0,0x00000000eab00000)
 Metaspace       used 182968K, capacity 209625K, committed 210472K, reserved 1232896K
  class space    used 25414K, capacity 26855K, committed 27184K, reserved 1048576K
}
Event: 9764.101 GC heap before
{Heap before GC invocations=101 (full 21):
 PSYoungGen      total 295424K, used 294966K [0x00000000eab00000, 0x0000000100000000, 0x0000000100000000)
  eden space 256000K, 100% used [0x00000000eab00000,0x00000000fa500000,0x00000000fa500000)
  from space 39424K, 98% used [0x00000000fa500000,0x00000000fcb0db08,0x00000000fcb80000)
  to   space 50688K, 0% used [0x00000000fce80000,0x00000000fce80000,0x0000000100000000)
 ParOldGen       total 699392K, used 210474K [0x00000000c0000000, 0x00000000eab00000, 0x00000000eab00000)
  object space 699392K, 30% used [0x00000000c0000000,0x00000000ccd8abf0,0x00000000eab00000)
 Metaspace       used 183976K, capacity 210789K, committed 211240K, reserved 1232896K
  class space    used 25517K, capacity 26985K, committed 27184K, reserved 1048576K
Event: 9764.160 GC heap after
Heap after GC invocations=101 (full 21):
 PSYoungGen      total 285184K, used 45617K [0x00000000eab00000, 0x0000000100000000, 0x0000000100000000)
  eden space 234496K, 0% used [0x00000000eab00000,0x00000000eab00000,0x00000000f9000000)
  from space 50688K, 89% used [0x00000000fce80000,0x00000000ffb0c458,0x0000000100000000)
  to   space 57344K, 0% used [0x00000000f9000000,0x00000000f9000000,0x00000000fc800000)
 ParOldGen       total 699392K, used 210482K [0x00000000c0000000, 0x00000000eab00000, 0x00000000eab00000)
  object space 699392K, 30% used [0x00000000c0000000,0x00000000ccd8cbf0,0x00000000eab00000)
 Metaspace       used 183976K, capacity 210789K, committed 211240K, reserved 1232896K
  class space    used 25517K, capacity 26985K, committed 27184K, reserved 1048576K
}
Event: 9765.327 GC heap before
{Heap before GC invocations=102 (full 21):
 PSYoungGen      total 285184K, used 100231K [0x00000000eab00000, 0x0000000100000000, 0x0000000100000000)
  eden space 234496K, 23% used [0x00000000eab00000,0x00000000ee055ac8,0x00000000f9000000)
  from space 50688K, 89% used [0x00000000fce80000,0x00000000ffb0c458,0x0000000100000000)
  to   space 57344K, 0% used [0x00000000f9000000,0x00000000f9000000,0x00000000fc800000)
 ParOldGen       total 699392K, used 210482K [0x00000000c0000000, 0x00000000eab00000, 0x00000000eab00000)
  object space 699392K, 30% used [0x00000000c0000000,0x00000000ccd8cbf0,0x00000000eab00000)
 Metaspace       used 184314K, capacity 211259K, committed 211496K, reserved 1232896K
  class space    used 25570K, capacity 27055K, committed 27184K, reserved 1048576K
Event: 9765.362 GC heap after
Heap after GC invocations=102 (full 21):
 PSYoungGen      total 282112K, used 47500K [0x00000000eab00000, 0x0000000100000000, 0x0000000100000000)
  eden space 234496K, 0% used [0x00000000eab00000,0x00000000eab00000,0x00000000f9000000)
  from space 47616K, 99% used [0x00000000f9000000,0x00000000fbe631e8,0x00000000fbe80000)
  to   space 62976K, 0% used [0x00000000fc280000,0x00000000fc280000,0x0000000100000000)
 ParOldGen       total 699392K, used 210490K [0x00000000c0000000, 0x00000000eab00000, 0x00000000eab00000)
  object space 699392K, 30% used [0x00000000c0000000,0x00000000ccd8ebf0,0x00000000eab00000)
 Metaspace       used 184314K, capacity 211259K, committed 211496K, reserved 1232896K
  class space    used 25570K, capacity 27055K, committed 27184K, reserved 1048576K
}
Event: 9765.362 GC heap before
{Heap before GC invocations=103 (full 22):
 PSYoungGen      total 282112K, used 47500K [0x00000000eab00000, 0x0000000100000000, 0x0000000100000000)
  eden space 234496K, 0% used [0x00000000eab00000,0x00000000eab00000,0x00000000f9000000)
  from space 47616K, 99% used [0x00000000f9000000,0x00000000fbe631e8,0x00000000fbe80000)
  to   space 62976K, 0% used [0x00000000fc280000,0x00000000fc280000,0x0000000100000000)
 ParOldGen       total 699392K, used 210490K [0x00000000c0000000, 0x00000000eab00000, 0x00000000eab00000)
  object space 699392K, 30% used [0x00000000c0000000,0x00000000ccd8ebf0,0x00000000eab00000)
 Metaspace       used 184314K, capacity 211259K, committed 211496K, reserved 1232896K
  class space    used 25570K, capacity 27055K, committed 27184K, reserved 1048576K

